<html>
<body>
<pre>
<h1>µVision Build Log</h1>
<h2>Project:</h2>
C:\Users\kinan\Documents\7.0 Courses 2016 Fall\EE 445L\Lab1\Lab1\ST7735.uvproj
Project File Date:  08/30/2016

<h2>Output:</h2>
Build target 'ST7735'
compiling ST7735TestMain.c...
linking...
Program Size: Code=2748 RO-data=16360 RW-data=44 ZI-data=1028  
".\ST7735.axf" - 0 Error(s), 0 Warning(s).
emp = num/128; 
fixed.c: 1 warning, 0 errors
linking...
Program Size: Code=3016 RO-data=2052 RW-data=44 ZI-data=1028  
".\ST7735.axf" - 0 Error(s), 1 Warning(s).
.
\ST7735.axf'. Debugger aborted !
compiling ST7735TestMain.c...
"ST7735TestMain.c" - 0 Error(s), 0 Warning(s).
s1" is undefined
        ST7735_sDecOut3(outTests1[i].InNumber);  // your solution
ST7735TestMain.c(525): warning:  #223-D: function "Pause" declared implicitly
      Pause();
ST7735TestMain.c(531): warning:  #223-D: function "ST7735_uBinOut8" declared implicitly
        ST7735_uBinOut8(outTests2[i].InNumber);  // your solution
ST7735TestMain.c(531): error:  #20: identifier "outTests2" is undefined
        ST7735_uBinOut8(outTests2[i].InNumber);  // your solution
ST7735TestMain.c(536): warning:  #223-D: function "ST7735_XYplotInit" declared implicitly
      ST7735_XYplotInit("Circle",-2500, 2500, -2500, 2500);
ST7735TestMain.c(537): warning:  #223-D: function "ST7735_XYplot" declared implicitly
      ST7735_XYplot(180,(int32_t *)CircleXbuf,(int32_t *)CircleYbuf);
ST7735TestMain.c(537): error:  #20: identifier "CircleXbuf" is undefined
      ST7735_XYplot(180,(int32_t *)CircleXbuf,(int32_t *)CircleYbuf);
ST7735TestMain.c(537): error:  #20: identifier "CircleYbuf" is undefined
      ST7735_XYplot(180,(int32_t *)CircleXbuf,(int32_t *)CircleYbuf);
ST7735TestMain.c(541): error:  #20: identifier "StarXbuf" is undefined
      ST7735_XYplot(50,(int32_t *)StarXbuf,(int32_t *)StarYbuf);
ST7735TestMain.c(541): error:  #20: identifier "StarYbuf" is undefined
      ST7735_XYplot(50,(int32_t *)StarXbuf,(int32_t *)StarYbuf);
ST7735TestMain.c: 6 warnings, 7 errors
".\ST7735.axf" - 7 Error(s), 6 Warning(s).
Target not created
